<?xml version="1.0" encoding="UTF-8"?>
<!-- Generated by org.testng.reporters.JUnitReportReporter -->
<testsuite hostname="Yeligindla" failures="0" tests="6" name="runners.TestRunner" time="207.494" errors="0" timestamp="2023-02-27T09:31:06 IST" skipped="0">
  <testcase classname="runners.TestRunner" name="runScenario" time="34.605"/>
  <system-out/>
  <testcase classname="runners.TestRunner" name="runScenario" time="34.575"/>
  <system-out/>
  <testcase classname="runners.TestRunner" name="runScenario" time="34.575"/>
  <system-out/>
  <testcase classname="runners.TestRunner" name="runScenario" time="34.664"/>
  <system-out/>
  <testcase classname="runners.TestRunner" name="runScenario" time="34.531"/>
  <system-out/>
  <testcase classname="runners.TestRunner" name="runScenario" time="34.544"/>
  <system-out/>
</testsuite> <!-- runners.TestRunner -->
